app/build/intermediates/manifest_merge_blame_file/debug/manifest-merger-blame-debug-report.txt
1<?xml version="1.0" encoding="utf-8"?>
2<manifest xmlns:android="http://schemas.android.com/apk/res/android"
3    package="com.example.devapp"
4    android:versionCode="1"
5    android:versionName="1.0" >
6
7    <uses-sdk
8        android:minSdkVersion="23"
8-->src\main\AndroidManifest.xml
9        android:targetSdkVersion="30" />
9-->src\main\AndroidManifest.xml
10
11    <uses-permission android:name="android.permission.INTERNET" />
11-->[com.google.firebase:firebase-auth:21.0.1] AndroidManifest.xml:23:5-67
11-->[com.google.firebase:firebase-auth:21.0.1] AndroidManifest.xml:23:22-64
12    <uses-permission android:name="android.permission.ACCESS_NETWORK_STATE" />
12-->[com.google.firebase:firebase-auth:21.0.1] AndroidManifest.xml:24:5-79
12-->[com.google.firebase:firebase-auth:21.0.1] AndroidManifest.xml:24:22-76
13    <uses-permission android:name="android.permission.BLUETOOTH" />
13-->[com.huawei.hms:ads-core:3.4.51.300] AndroidManifest.xml:13:5-68
13-->[com.huawei.hms:ads-core:3.4.51.300] AndroidManifest.xml:13:22-65
14    <uses-permission android:name="android.permission.CAMERA" />
14-->[com.huawei.hms:ads-core:3.4.51.300] AndroidManifest.xml:14:5-65
14-->[com.huawei.hms:ads-core:3.4.51.300] AndroidManifest.xml:14:22-62
15    <uses-permission android:name="android.permission.READ_CALENDAR" />
15-->[com.huawei.hms:ads-core:3.4.51.300] AndroidManifest.xml:15:5-72
15-->[com.huawei.hms:ads-core:3.4.51.300] AndroidManifest.xml:15:22-69
16    <uses-permission android:name="android.permission.WRITE_CALENDAR" />
16-->[com.huawei.hms:ads-core:3.4.51.300] AndroidManifest.xml:16:5-73
16-->[com.huawei.hms:ads-core:3.4.51.300] AndroidManifest.xml:16:22-70
17    <uses-permission android:name="android.permission.ACCESS_WIFI_STATE" />
17-->[com.huawei.hms:ads-core:3.4.51.300] AndroidManifest.xml:19:5-76
17-->[com.huawei.hms:ads-core:3.4.51.300] AndroidManifest.xml:19:22-73
18    <uses-permission android:name="android.permission.REQUEST_INSTALL_PACKAGES" />
18-->[com.huawei.hms:ads-core:3.4.51.300] AndroidManifest.xml:20:5-83
18-->[com.huawei.hms:ads-core:3.4.51.300] AndroidManifest.xml:20:22-80
19    <uses-permission android:name="com.huawei.permission.sec.MDM.v2" />
19-->[com.huawei.hms:ads-core:3.4.51.300] AndroidManifest.xml:21:5-72
19-->[com.huawei.hms:ads-core:3.4.51.300] AndroidManifest.xml:21:22-69
20    <uses-permission android:name="com.hihonor.permission.sec.MDM.v2" />
20-->[com.huawei.hms:ads-core:3.4.51.300] AndroidManifest.xml:22:5-73
20-->[com.huawei.hms:ads-core:3.4.51.300] AndroidManifest.xml:22:22-70
21    <uses-permission android:name="android.permission.GET_TASKS" />
21-->[com.huawei.hms:ads-core:3.4.51.300] AndroidManifest.xml:23:5-68
21-->[com.huawei.hms:ads-core:3.4.51.300] AndroidManifest.xml:23:22-65
22    <uses-permission android:name="android.permission.REAL_GET_TASKS" />
22-->[com.huawei.hms:ads-core:3.4.51.300] AndroidManifest.xml:24:5-73
22-->[com.huawei.hms:ads-core:3.4.51.300] AndroidManifest.xml:24:22-70
23    <uses-permission android:name="com.huawei.permission.sec.ACCESS_UDID" />
23-->[com.huawei.hms:ads-core:3.4.51.300] AndroidManifest.xml:25:5-77
23-->[com.huawei.hms:ads-core:3.4.51.300] AndroidManifest.xml:25:22-74
24    <uses-permission android:name="com.hihonor.permission.sec.ACCESS_UDID" />
24-->[com.huawei.hms:ads-core:3.4.51.300] AndroidManifest.xml:26:5-78
24-->[com.huawei.hms:ads-core:3.4.51.300] AndroidManifest.xml:26:22-75
25    <uses-permission android:name="com.huawei.permission.app.DOWNLOAD" />
25-->[com.huawei.hms:ads-core:3.4.51.300] AndroidManifest.xml:27:5-74
25-->[com.huawei.hms:ads-core:3.4.51.300] AndroidManifest.xml:27:22-71
26    <uses-permission android:name="android.permission.QUERY_ALL_PACKAGES" />
26-->[com.huawei.hms:ads-core:3.4.51.300] AndroidManifest.xml:28:5-77
26-->[com.huawei.hms:ads-core:3.4.51.300] AndroidManifest.xml:28:22-74
27    <uses-permission android:name="com.android.permission.GET_INSTALLED_APPS" />
27-->[com.huawei.hms:ads-core:3.4.51.300] AndroidManifest.xml:29:5-81
27-->[com.huawei.hms:ads-core:3.4.51.300] AndroidManifest.xml:29:22-78
28    <uses-permission android:name="com.hihonor.permission.MANAGE_FOLD_SCREEN" />
28-->[com.huawei.hms:ads-core:3.4.51.300] AndroidManifest.xml:30:5-81
28-->[com.huawei.hms:ads-core:3.4.51.300] AndroidManifest.xml:30:22-78
29    <uses-permission android:name="com.hihonor.permission.MANAGE_FOLD_SCREEN_PRIVILEGED" />
29-->[com.huawei.hms:ads-core:3.4.51.300] AndroidManifest.xml:31:5-92
29-->[com.huawei.hms:ads-core:3.4.51.300] AndroidManifest.xml:31:22-89
30    <uses-permission android:name="android.permission.BROADCAST_STICKY" />
30-->[com.huawei.hms:ads-splash:13.4.51.300] AndroidManifest.xml:12:5-75
30-->[com.huawei.hms:ads-splash:13.4.51.300] AndroidManifest.xml:12:22-72
31
32    <application
32-->src\main\AndroidManifest.xml:5:5-32:19
33        android:allowBackup="true"
33-->src\main\AndroidManifest.xml:6:9-35
34        android:appComponentFactory="androidx.core.app.CoreComponentFactory"
34-->[androidx.core:core:1.5.0] AndroidManifest.xml:24:18-86
35        android:debuggable="true"
36        android:extractNativeLibs="false"
37        android:icon="@mipmap/ic_launcher"
37-->src\main\AndroidManifest.xml:7:9-43
38        android:label="Football Team List"
38-->src\main\AndroidManifest.xml:8:9-43
39        android:roundIcon="@mipmap/ic_launcher_round"
39-->src\main\AndroidManifest.xml:9:9-54
40        android:supportsRtl="true"
40-->src\main\AndroidManifest.xml:10:9-35
41        android:testOnly="true"
42        android:theme="@style/Theme.huawei" >
42-->src\main\AndroidManifest.xml:11:9-44
43        <activity android:name="com.example.devapp.SignUpEmail" >
43-->src\main\AndroidManifest.xml:12:9-18:20
43-->src\main\AndroidManifest.xml:12:19-64
44            <intent-filter>
44-->src\main\AndroidManifest.xml:13:13-17:29
45                <action android:name="android.intent.action.MAIN" />
45-->src\main\AndroidManifest.xml:14:17-69
45-->src\main\AndroidManifest.xml:14:25-66
46
47                <category android:name="android.intent.category.LAUNCHER" />
47-->src\main\AndroidManifest.xml:16:17-77
47-->src\main\AndroidManifest.xml:16:27-74
48            </intent-filter>
49        </activity>
50        <activity android:name="com.example.devapp.LoginEmail" >
50-->src\main\AndroidManifest.xml:19:9-22:20
50-->src\main\AndroidManifest.xml:19:19-63
51        </activity>
52        <activity android:name="com.example.devapp.Activity7" />
52-->src\main\AndroidManifest.xml:24:9-65
52-->src\main\AndroidManifest.xml:24:19-62
53        <activity android:name="com.example.devapp.Activity4" />
53-->src\main\AndroidManifest.xml:25:9-65
53-->src\main\AndroidManifest.xml:25:19-62
54        <activity android:name="com.example.devapp.Activity3" />
54-->src\main\AndroidManifest.xml:26:9-65
54-->src\main\AndroidManifest.xml:26:19-62
55        <activity android:name="com.example.devapp.Activity2" />
55-->src\main\AndroidManifest.xml:27:9-65
55-->src\main\AndroidManifest.xml:27:19-62
56        <activity android:name="com.example.devapp.MainActivity" >
56-->src\main\AndroidManifest.xml:28:9-31:20
56-->src\main\AndroidManifest.xml:28:19-65
57        </activity>
58        <activity
58-->[com.google.firebase:firebase-auth:21.0.1] AndroidManifest.xml:27:9-44:20
59            android:name="com.google.firebase.auth.internal.GenericIdpActivity"
59-->[com.google.firebase:firebase-auth:21.0.1] AndroidManifest.xml:28:13-80
60            android:excludeFromRecents="true"
60-->[com.google.firebase:firebase-auth:21.0.1] AndroidManifest.xml:29:13-46
61            android:exported="true"
61-->[com.google.firebase:firebase-auth:21.0.1] AndroidManifest.xml:30:13-36
62            android:launchMode="singleTask"
62-->[com.google.firebase:firebase-auth:21.0.1] AndroidManifest.xml:31:13-44
63            android:theme="@android:style/Theme.Translucent.NoTitleBar" >
63-->[com.google.firebase:firebase-auth:21.0.1] AndroidManifest.xml:32:13-72
64            <intent-filter>
64-->[com.google.firebase:firebase-auth:21.0.1] AndroidManifest.xml:33:13-43:29
65                <action android:name="android.intent.action.VIEW" />
65-->[com.google.firebase:firebase-auth:21.0.1] AndroidManifest.xml:34:17-69
65-->[com.google.firebase:firebase-auth:21.0.1] AndroidManifest.xml:34:25-66
66
67                <category android:name="android.intent.category.DEFAULT" />
67-->[com.google.firebase:firebase-auth:21.0.1] AndroidManifest.xml:36:17-76
67-->[com.google.firebase:firebase-auth:21.0.1] AndroidManifest.xml:36:27-73
68                <category android:name="android.intent.category.BROWSABLE" />
68-->[com.google.firebase:firebase-auth:21.0.1] AndroidManifest.xml:37:17-78
68-->[com.google.firebase:firebase-auth:21.0.1] AndroidManifest.xml:37:27-75
69
70                <data
70-->[com.google.firebase:firebase-auth:21.0.1] AndroidManifest.xml:39:17-42:51
71                    android:host="firebase.auth"
71-->[com.google.firebase:firebase-auth:21.0.1] AndroidManifest.xml:40:21-49
72                    android:path="/"
72-->[com.google.firebase:firebase-auth:21.0.1] AndroidManifest.xml:41:21-37
73                    android:scheme="genericidp" />
73-->[com.google.firebase:firebase-auth:21.0.1] AndroidManifest.xml:42:21-48
74            </intent-filter>
75        </activity>
76        <activity
76-->[com.google.firebase:firebase-auth:21.0.1] AndroidManifest.xml:45:9-62:20
77            android:name="com.google.firebase.auth.internal.RecaptchaActivity"
77-->[com.google.firebase:firebase-auth:21.0.1] AndroidManifest.xml:46:13-79
78            android:excludeFromRecents="true"
78-->[com.google.firebase:firebase-auth:21.0.1] AndroidManifest.xml:47:13-46
79            android:exported="true"
79-->[com.google.firebase:firebase-auth:21.0.1] AndroidManifest.xml:48:13-36
80            android:launchMode="singleTask"
80-->[com.google.firebase:firebase-auth:21.0.1] AndroidManifest.xml:49:13-44
81            android:theme="@android:style/Theme.Translucent.NoTitleBar" >
81-->[com.google.firebase:firebase-auth:21.0.1] AndroidManifest.xml:50:13-72
82            <intent-filter>
82-->[com.google.firebase:firebase-auth:21.0.1] AndroidManifest.xml:51:13-61:29
83                <action android:name="android.intent.action.VIEW" />
83-->[com.google.firebase:firebase-auth:21.0.1] AndroidManifest.xml:34:17-69
83-->[com.google.firebase:firebase-auth:21.0.1] AndroidManifest.xml:34:25-66
84
85                <category android:name="android.intent.category.DEFAULT" />
85-->[com.google.firebase:firebase-auth:21.0.1] AndroidManifest.xml:36:17-76
85-->[com.google.firebase:firebase-auth:21.0.1] AndroidManifest.xml:36:27-73
86                <category android:name="android.intent.category.BROWSABLE" />
86-->[com.google.firebase:firebase-auth:21.0.1] AndroidManifest.xml:37:17-78
86-->[com.google.firebase:firebase-auth:21.0.1] AndroidManifest.xml:37:27-75
87
88                <data
88-->[com.google.firebase:firebase-auth:21.0.1] AndroidManifest.xml:39:17-42:51
89                    android:host="firebase.auth"
89-->[com.google.firebase:firebase-auth:21.0.1] AndroidManifest.xml:40:21-49
90                    android:path="/"
90-->[com.google.firebase:firebase-auth:21.0.1] AndroidManifest.xml:41:21-37
91                    android:scheme="recaptcha" />
91-->[com.google.firebase:firebase-auth:21.0.1] AndroidManifest.xml:42:21-48
92            </intent-filter>
93        </activity>
94
95        <service
95-->[com.google.firebase:firebase-auth:21.0.1] AndroidManifest.xml:64:9-73:19
96            android:name="com.google.firebase.auth.api.fallback.service.FirebaseAuthFallbackService"
96-->[com.google.firebase:firebase-auth:21.0.1] AndroidManifest.xml:65:13-101
97            android:enabled="true"
97-->[com.google.firebase:firebase-auth:21.0.1] AndroidManifest.xml:66:13-35
98            android:exported="false" >
98-->[com.google.firebase:firebase-auth:21.0.1] AndroidManifest.xml:67:13-37
99            <intent-filter>
99-->[com.google.firebase:firebase-auth:21.0.1] AndroidManifest.xml:68:13-72:29
100                <action android:name="com.google.firebase.auth.api.gms.service.START" />
100-->[com.google.firebase:firebase-auth:21.0.1] AndroidManifest.xml:69:17-89
100-->[com.google.firebase:firebase-auth:21.0.1] AndroidManifest.xml:69:25-86
101
102                <category android:name="android.intent.category.DEFAULT" />
102-->[com.google.firebase:firebase-auth:21.0.1] AndroidManifest.xml:36:17-76
102-->[com.google.firebase:firebase-auth:21.0.1] AndroidManifest.xml:36:27-73
103            </intent-filter>
104        </service>
105        <service
105-->[com.google.firebase:firebase-auth:21.0.1] AndroidManifest.xml:74:9-80:19
106            android:name="com.google.firebase.components.ComponentDiscoveryService"
106-->[com.google.firebase:firebase-auth:21.0.1] AndroidManifest.xml:75:13-84
107            android:directBootAware="true"
107-->[com.google.firebase:firebase-common:20.0.0] AndroidManifest.xml:35:13-43
108            android:exported="false" >
108-->[com.google.firebase:firebase-auth:21.0.1] AndroidManifest.xml:76:13-37
109            <meta-data
109-->[com.google.firebase:firebase-auth:21.0.1] AndroidManifest.xml:77:13-79:85
110                android:name="com.google.firebase.components:com.google.firebase.auth.FirebaseAuthRegistrar"
110-->[com.google.firebase:firebase-auth:21.0.1] AndroidManifest.xml:78:17-109
111                android:value="com.google.firebase.components.ComponentRegistrar" />
111-->[com.google.firebase:firebase-auth:21.0.1] AndroidManifest.xml:79:17-82
112            <meta-data
112-->[com.google.firebase:firebase-database:20.0.0] AndroidManifest.xml:32:13-34:85
113                android:name="com.google.firebase.components:com.google.firebase.database.DatabaseRegistrar"
113-->[com.google.firebase:firebase-database:20.0.0] AndroidManifest.xml:33:17-109
114                android:value="com.google.firebase.components.ComponentRegistrar" />
114-->[com.google.firebase:firebase-database:20.0.0] AndroidManifest.xml:34:17-82
115        </service>
116
117        <meta-data
117-->[com.huawei.hms:ads-lite:13.4.51.300] AndroidManifest.xml:13:9-15:52
118            android:name="com.huawei.hms.client.service.name:ads-lite"
118-->[com.huawei.hms:ads-lite:13.4.51.300] AndroidManifest.xml:14:13-71
119            android:value="ads-lite:13.4.51.300" />
119-->[com.huawei.hms:ads-lite:13.4.51.300] AndroidManifest.xml:15:13-49
120
121        <provider
121-->[com.google.firebase:firebase-common:20.0.0] AndroidManifest.xml:26:9-31:39
122            android:name="com.google.firebase.provider.FirebaseInitProvider"
122-->[com.google.firebase:firebase-common:20.0.0] AndroidManifest.xml:27:13-77
123            android:authorities="com.example.devapp.firebaseinitprovider"
123-->[com.google.firebase:firebase-common:20.0.0] AndroidManifest.xml:28:13-72
124            android:directBootAware="true"
124-->[com.google.firebase:firebase-common:20.0.0] AndroidManifest.xml:29:13-43
125            android:exported="false"
125-->[com.google.firebase:firebase-common:20.0.0] AndroidManifest.xml:30:13-37
126            android:initOrder="100" />
126-->[com.google.firebase:firebase-common:20.0.0] AndroidManifest.xml:31:13-36
127
128        <activity
128-->[com.google.android.gms:play-services-base:17.1.0] AndroidManifest.xml:23:9-26:75
129            android:name="com.google.android.gms.common.api.GoogleApiActivity"
129-->[com.google.android.gms:play-services-base:17.1.0] AndroidManifest.xml:24:13-79
130            android:exported="false"
130-->[com.google.android.gms:play-services-base:17.1.0] AndroidManifest.xml:25:13-37
131            android:theme="@android:style/Theme.Translucent.NoTitleBar" />
131-->[com.google.android.gms:play-services-base:17.1.0] AndroidManifest.xml:26:13-72
132
133        <meta-data
133-->[com.google.android.gms:play-services-basement:17.1.0] AndroidManifest.xml:23:9-25:69
134            android:name="com.google.android.gms.version"
134-->[com.google.android.gms:play-services-basement:17.1.0] AndroidManifest.xml:24:13-58
135            android:value="@integer/google_play_services_version" />
135-->[com.google.android.gms:play-services-basement:17.1.0] AndroidManifest.xml:25:13-66
136        <meta-data
136-->[com.huawei.hms:ads-core:3.4.51.300] AndroidManifest.xml:34:9-36:35
137            android:name="hw.theme_type"
137-->[com.huawei.hms:ads-core:3.4.51.300] AndroidManifest.xml:35:13-41
138            android:value="273" />
138-->[com.huawei.hms:ads-core:3.4.51.300] AndroidManifest.xml:36:13-32
139        <meta-data
139-->[com.huawei.hms:ads-core:3.4.51.300] AndroidManifest.xml:37:9-39:72
140            android:name="permission.reason.android.permission-group.CALENDAR"
140-->[com.huawei.hms:ads-core:3.4.51.300] AndroidManifest.xml:38:13-79
141            android:resource="@string/hiad_calender_description_new" />
141-->[com.huawei.hms:ads-core:3.4.51.300] AndroidManifest.xml:39:13-69
142
143        <uses-library
143-->[com.huawei.hms:ads-core:3.4.51.300] AndroidManifest.xml:41:9-43:40
144            android:name="org.apache.http.legacy"
144-->[com.huawei.hms:ads-core:3.4.51.300] AndroidManifest.xml:42:13-50
145            android:required="false" />
145-->[com.huawei.hms:ads-core:3.4.51.300] AndroidManifest.xml:43:13-37
146
147        <provider
147-->[com.huawei.hms:ads-core:3.4.51.300] AndroidManifest.xml:45:9-49:50
148            android:name="com.huawei.openalliance.ad.ppskit.provider.PPSInstallFileProvider"
148-->[com.huawei.hms:ads-core:3.4.51.300] AndroidManifest.xml:46:13-93
149            android:authorities="com.example.devapp.hiad.fileprovider"
149-->[com.huawei.hms:ads-core:3.4.51.300] AndroidManifest.xml:47:13-69
150            android:exported="false"
150-->[com.huawei.hms:ads-core:3.4.51.300] AndroidManifest.xml:48:13-37
151            android:grantUriPermissions="true" />
151-->[com.huawei.hms:ads-core:3.4.51.300] AndroidManifest.xml:49:13-47
152        <provider
152-->[com.huawei.hms:ads-core:3.4.51.300] AndroidManifest.xml:50:9-53:40
153            android:name="com.huawei.openalliance.ad.ppskit.provider.InnerApiProvider"
153-->[com.huawei.hms:ads-core:3.4.51.300] AndroidManifest.xml:51:13-87
154            android:authorities="com.example.devapp.pps.innerapiprovider"
154-->[com.huawei.hms:ads-core:3.4.51.300] AndroidManifest.xml:52:13-72
155            android:exported="false" />
155-->[com.huawei.hms:ads-core:3.4.51.300] AndroidManifest.xml:53:13-37
156
157        <service
157-->[com.huawei.hms:ads-core:3.4.51.300] AndroidManifest.xml:55:9-61:19
158            android:name="com.huawei.android.hms.ppskit.PpsCoreService"
158-->[com.huawei.hms:ads-core:3.4.51.300] AndroidManifest.xml:56:13-72
159            android:exported="false" >
159-->[com.huawei.hms:ads-core:3.4.51.300] AndroidManifest.xml:57:13-37
160            <intent-filter>
160-->[com.huawei.hms:ads-core:3.4.51.300] AndroidManifest.xml:58:13-60:29
161                <action android:name="com.huawei.android.hms.ppskit.PPS_API_SERVICE" />
161-->[com.huawei.hms:ads-core:3.4.51.300] AndroidManifest.xml:59:17-88
161-->[com.huawei.hms:ads-core:3.4.51.300] AndroidManifest.xml:59:25-85
162            </intent-filter>
163        </service>
164
165        <activity
165-->[com.huawei.hms:ads-core:3.4.51.300] AndroidManifest.xml:63:9-75:20
166            android:name="com.huawei.openalliance.ad.ppskit.activity.InstallActivity"
166-->[com.huawei.hms:ads-core:3.4.51.300] AndroidManifest.xml:64:13-86
167            android:configChanges="mcc|mnc|keyboard|keyboardHidden|navigation|screenLayout|screenSize|smallestScreenSize|orientation"
167-->[com.huawei.hms:ads-core:3.4.51.300] AndroidManifest.xml:65:13-134
168            android:excludeFromRecents="true"
168-->[com.huawei.hms:ads-core:3.4.51.300] AndroidManifest.xml:66:13-46
169            android:exported="false"
169-->[com.huawei.hms:ads-core:3.4.51.300] AndroidManifest.xml:67:13-37
170            android:theme="@android:style/Theme.Light.NoTitleBar" >
170-->[com.huawei.hms:ads-core:3.4.51.300] AndroidManifest.xml:68:13-66
171            <meta-data
171-->[com.huawei.hms:ads-core:3.4.51.300] AndroidManifest.xml:69:13-71:82
172                android:name="hwc-theme"
172-->[com.huawei.hms:ads-core:3.4.51.300] AndroidManifest.xml:70:17-41
173                android:value="androidhwext:style/Theme.Emui.Light.NoTitleBar" />
173-->[com.huawei.hms:ads-core:3.4.51.300] AndroidManifest.xml:71:17-79
174            <meta-data
174-->[com.huawei.hms:ads-core:3.4.51.300] AndroidManifest.xml:72:13-74:83
175                android:name="hnc-theme"
175-->[com.huawei.hms:ads-core:3.4.51.300] AndroidManifest.xml:73:17-41
176                android:value="androidhnext:style/Theme.magic.Light.NoTitleBar" />
176-->[com.huawei.hms:ads-core:3.4.51.300] AndroidManifest.xml:74:17-80
177        </activity>
178        <activity
178-->[com.huawei.hms:ads-core:3.4.51.300] AndroidManifest.xml:76:9-88:20
179            android:name="com.huawei.openalliance.ad.ppskit.activity.HMSSDKInstallActivity"
179-->[com.huawei.hms:ads-core:3.4.51.300] AndroidManifest.xml:77:13-92
180            android:configChanges="mcc|mnc|keyboard|keyboardHidden|navigation|screenLayout|screenSize|smallestScreenSize|orientation"
180-->[com.huawei.hms:ads-core:3.4.51.300] AndroidManifest.xml:78:13-134
181            android:excludeFromRecents="true"
181-->[com.huawei.hms:ads-core:3.4.51.300] AndroidManifest.xml:79:13-46
182            android:exported="false"
182-->[com.huawei.hms:ads-core:3.4.51.300] AndroidManifest.xml:80:13-37
183            android:theme="@android:style/Theme.Light.NoTitleBar" >
183-->[com.huawei.hms:ads-core:3.4.51.300] AndroidManifest.xml:81:13-66
184            <meta-data
184-->[com.huawei.hms:ads-core:3.4.51.300] AndroidManifest.xml:69:13-71:82
185                android:name="hwc-theme"
185-->[com.huawei.hms:ads-core:3.4.51.300] AndroidManifest.xml:70:17-41
186                android:value="androidhwext:style/Theme.Emui.Light.NoTitleBar" />
186-->[com.huawei.hms:ads-core:3.4.51.300] AndroidManifest.xml:71:17-79
187            <meta-data
187-->[com.huawei.hms:ads-core:3.4.51.300] AndroidManifest.xml:72:13-74:83
188                android:name="hnc-theme"
188-->[com.huawei.hms:ads-core:3.4.51.300] AndroidManifest.xml:73:17-41
189                android:value="androidhnext:style/Theme.magic.Light.NoTitleBar" />
189-->[com.huawei.hms:ads-core:3.4.51.300] AndroidManifest.xml:74:17-80
190        </activity>
191        <activity
191-->[com.huawei.hms:ads-core:3.4.51.300] AndroidManifest.xml:89:9-107:20
192            android:name="com.huawei.openalliance.ad.ppskit.activity.PPSActivity"
192-->[com.huawei.hms:ads-core:3.4.51.300] AndroidManifest.xml:90:13-82
193            android:configChanges="screenLayout|screenSize|smallestScreenSize|orientation|keyboardHidden"
193-->[com.huawei.hms:ads-core:3.4.51.300] AndroidManifest.xml:91:13-106
194            android:exported="false"
194-->[com.huawei.hms:ads-core:3.4.51.300] AndroidManifest.xml:92:13-37
195            android:label=" "
195-->[com.huawei.hms:ads-core:3.4.51.300] AndroidManifest.xml:93:13-30
196            android:screenOrientation="portrait" >
196-->[com.huawei.hms:ads-core:3.4.51.300] AndroidManifest.xml:94:13-49
197            <intent-filter>
197-->[com.huawei.hms:ads-core:3.4.51.300] AndroidManifest.xml:95:13-99:29
198                <action android:name="com.huawei.hms.pps.action.PPS_DETAIL" />
198-->[com.huawei.hms:ads-core:3.4.51.300] AndroidManifest.xml:96:17-79
198-->[com.huawei.hms:ads-core:3.4.51.300] AndroidManifest.xml:96:25-76
199
200                <category android:name="android.intent.category.DEFAULT" />
200-->[com.google.firebase:firebase-auth:21.0.1] AndroidManifest.xml:36:17-76
200-->[com.google.firebase:firebase-auth:21.0.1] AndroidManifest.xml:36:27-73
201            </intent-filter>
202
203            <meta-data
203-->[com.huawei.hms:ads-core:3.4.51.300] AndroidManifest.xml:69:13-71:82
204                android:name="hwc-theme"
204-->[com.huawei.hms:ads-core:3.4.51.300] AndroidManifest.xml:70:17-41
205                android:value="androidhwext:style/Theme.Emui" />
205-->[com.huawei.hms:ads-core:3.4.51.300] AndroidManifest.xml:71:17-79
206            <meta-data
206-->[com.huawei.hms:ads-core:3.4.51.300] AndroidManifest.xml:72:13-74:83
207                android:name="hnc-theme"
207-->[com.huawei.hms:ads-core:3.4.51.300] AndroidManifest.xml:73:17-41
208                android:value="androidhnext:style/Theme.magic" />
208-->[com.huawei.hms:ads-core:3.4.51.300] AndroidManifest.xml:74:17-80
209        </activity>
210        <activity
210-->[com.huawei.hms:ads-core:3.4.51.300] AndroidManifest.xml:108:9-120:20
211            android:name="com.huawei.openalliance.ad.ppskit.activity.InnerPPSActivity"
211-->[com.huawei.hms:ads-core:3.4.51.300] AndroidManifest.xml:109:13-87
212            android:configChanges="mcc|mnc|keyboard|keyboardHidden|navigation|screenLayout|screenSize|smallestScreenSize|orientation"
212-->[com.huawei.hms:ads-core:3.4.51.300] AndroidManifest.xml:110:13-134
213            android:exported="false"
213-->[com.huawei.hms:ads-core:3.4.51.300] AndroidManifest.xml:111:13-37
214            android:label=" "
214-->[com.huawei.hms:ads-core:3.4.51.300] AndroidManifest.xml:112:13-30
215            android:screenOrientation="portrait" >
215-->[com.huawei.hms:ads-core:3.4.51.300] AndroidManifest.xml:113:13-49
216            <meta-data
216-->[com.huawei.hms:ads-core:3.4.51.300] AndroidManifest.xml:69:13-71:82
217                android:name="hwc-theme"
217-->[com.huawei.hms:ads-core:3.4.51.300] AndroidManifest.xml:70:17-41
218                android:value="androidhwext:style/Theme.Emui" />
218-->[com.huawei.hms:ads-core:3.4.51.300] AndroidManifest.xml:71:17-79
219            <meta-data
219-->[com.huawei.hms:ads-core:3.4.51.300] AndroidManifest.xml:72:13-74:83
220                android:name="hnc-theme"
220-->[com.huawei.hms:ads-core:3.4.51.300] AndroidManifest.xml:73:17-41
221                android:value="androidhnext:style/Theme.magic" />
221-->[com.huawei.hms:ads-core:3.4.51.300] AndroidManifest.xml:74:17-80
222        </activity>
223        <activity
223-->[com.huawei.hms:ads-core:3.4.51.300] AndroidManifest.xml:121:9-133:20
224            android:name="com.huawei.openalliance.ad.ppskit.activity.InnerPPSArActivity"
224-->[com.huawei.hms:ads-core:3.4.51.300] AndroidManifest.xml:122:13-89
225            android:configChanges="mcc|mnc|keyboard|keyboardHidden|navigation|screenLayout|screenSize|smallestScreenSize|orientation"
225-->[com.huawei.hms:ads-core:3.4.51.300] AndroidManifest.xml:123:13-134
226            android:exported="false"
226-->[com.huawei.hms:ads-core:3.4.51.300] AndroidManifest.xml:124:13-37
227            android:label=" "
227-->[com.huawei.hms:ads-core:3.4.51.300] AndroidManifest.xml:125:13-30
228            android:screenOrientation="portrait" >
228-->[com.huawei.hms:ads-core:3.4.51.300] AndroidManifest.xml:126:13-49
229            <meta-data
229-->[com.huawei.hms:ads-core:3.4.51.300] AndroidManifest.xml:69:13-71:82
230                android:name="hwc-theme"
230-->[com.huawei.hms:ads-core:3.4.51.300] AndroidManifest.xml:70:17-41
231                android:value="androidhwext:style/Theme.Emui" />
231-->[com.huawei.hms:ads-core:3.4.51.300] AndroidManifest.xml:71:17-79
232            <meta-data
232-->[com.huawei.hms:ads-core:3.4.51.300] AndroidManifest.xml:72:13-74:83
233                android:name="hnc-theme"
233-->[com.huawei.hms:ads-core:3.4.51.300] AndroidManifest.xml:73:17-41
234                android:value="androidhnext:style/Theme.magic" />
234-->[com.huawei.hms:ads-core:3.4.51.300] AndroidManifest.xml:74:17-80
235        </activity>
236        <activity
236-->[com.huawei.hms:ads-core:3.4.51.300] AndroidManifest.xml:134:9-155:20
237            android:name="com.huawei.openalliance.ad.ppskit.activity.PPSRewardActivity"
237-->[com.huawei.hms:ads-core:3.4.51.300] AndroidManifest.xml:135:13-88
238            android:configChanges="mcc|mnc|keyboard|keyboardHidden|navigation|screenLayout|screenSize|smallestScreenSize|orientation|uiMode"
238-->[com.huawei.hms:ads-core:3.4.51.300] AndroidManifest.xml:136:13-141
239            android:exported="false"
239-->[com.huawei.hms:ads-core:3.4.51.300] AndroidManifest.xml:137:13-37
240            android:screenOrientation="behind"
240-->[com.huawei.hms:ads-core:3.4.51.300] AndroidManifest.xml:138:13-47
241            android:theme="@style/HiAdThemeNoActionBarFullScreen" >
241-->[com.huawei.hms:ads-core:3.4.51.300] AndroidManifest.xml:139:13-66
242            <intent-filter>
242-->[com.huawei.hms:ads-core:3.4.51.300] AndroidManifest.xml:140:13-144:29
243                <action android:name="com.huawei.hms.pps.action.PPS_REWARD" />
243-->[com.huawei.hms:ads-core:3.4.51.300] AndroidManifest.xml:141:17-79
243-->[com.huawei.hms:ads-core:3.4.51.300] AndroidManifest.xml:141:25-76
244
245                <category android:name="android.intent.category.DEFAULT" />
245-->[com.google.firebase:firebase-auth:21.0.1] AndroidManifest.xml:36:17-76
245-->[com.google.firebase:firebase-auth:21.0.1] AndroidManifest.xml:36:27-73
246            </intent-filter>
247
248            <meta-data
248-->[com.huawei.hms:ads-core:3.4.51.300] AndroidManifest.xml:69:13-71:82
249                android:name="hwc-theme"
249-->[com.huawei.hms:ads-core:3.4.51.300] AndroidManifest.xml:70:17-41
250                android:value="androidhwext:style/Theme.Emui.NoActionBar.Fullscreen" />
250-->[com.huawei.hms:ads-core:3.4.51.300] AndroidManifest.xml:71:17-79
251            <meta-data
251-->[com.huawei.hms:ads-core:3.4.51.300] AndroidManifest.xml:72:13-74:83
252                android:name="hnc-theme"
252-->[com.huawei.hms:ads-core:3.4.51.300] AndroidManifest.xml:73:17-41
253                android:value="androidhnext:style/Theme.magic.NoActionBar.Fullscreen" />
253-->[com.huawei.hms:ads-core:3.4.51.300] AndroidManifest.xml:74:17-80
254            <meta-data
254-->[com.huawei.hms:ads-core:3.4.51.300] AndroidManifest.xml:152:13-154:41